<?xml version="1.0" encoding="UTF-8" ?>
<testsuite failures="0" time="10.059" errors="0" skipped="0" tests="11" name="org.matsim.core.controler.ControlerTest">
  <properties>
[...]
</properties>
  <testcase time="5.119" name="testTravelTimeCalculation"/>
  <testcase time="0.1" name="testSetScoringFunctionFactory"/>
  <testcase time="0.117" name="testCalcMissingRoutes"/>
  <testcase time="0.217" name="testCalcMissingActLinks"/>
  <testcase time="1.883" name="testSetWriteEventsInterval"/>
  <testcase time="0.842" name="testSetWriteEventsIntervalConfig"/>
  <testcase time="0.41" name="testSetWriteEventsNever"/>
  <testcase time="0.345" name="testSetWriteEventsAlways"/>
  <testcase time="0.328" name="testSetWriteEventsTxt"/>
  <testcase time="0.324" name="testSetWriteEventsXml"/>
  <testcase time="0.324" name="testSetWriteEventsTxtXml"/>
</testsuite>